[9:27:56][INFO][NBTreeMain]: Loaded data from file data/breast-cancer-wisconsin.data: [size=699][entropy=0.929318][classificationSet=[[size=2][classifications=[[[2][occurence=458]][[4][occurence=241]]]]]][attributes=[[Uniformity_of_Cell_Size][Clump_Thickness][Bland_Chromatin][Uniformity_of_Cell_Shape][Marginal_Adhesion][Mitoses][Bare_Nuclei][Normal_Nucleoli][Single_Epithelial_Cell_Size]]] 
[9:27:56][INFO][NBTreeMain]: Starting iteration 1 of 10 
[9:30:13][INFO][NBTreeMain]: Processed fold 0: training set size = 560; test set size = 139; accuracy = 0.978417 
[9:32:27][INFO][NBTreeMain]: Processed fold 1: training set size = 560; test set size = 139; accuracy = 0.971223 
[9:35:52][INFO][NBTreeMain]: Processed fold 2: training set size = 560; test set size = 139; accuracy = 0.971223 
[9:38:49][INFO][NBTreeMain]: Processed fold 3: training set size = 560; test set size = 139; accuracy = 0.978417 
[9:40:51][INFO][NBTreeMain]: Processed fold 4: training set size = 560; test set size = 139; accuracy = 0.964029 
[9:40:51][INFO][NBTreeMain]: Starting iteration 2 of 10 
[9:43:00][INFO][NBTreeMain]: Processed fold 0: training set size = 560; test set size = 139; accuracy = 0.964029 
[9:45:01][INFO][NBTreeMain]: Processed fold 1: training set size = 560; test set size = 139; accuracy = 0.978417 
[9:47:04][INFO][NBTreeMain]: Processed fold 2: training set size = 560; test set size = 139; accuracy = 0.964029 
[9:49:11][INFO][NBTreeMain]: Processed fold 3: training set size = 560; test set size = 139; accuracy = 0.971223 
[9:51:22][INFO][NBTreeMain]: Processed fold 4: training set size = 560; test set size = 139; accuracy = 0.978417 
[9:51:22][INFO][NBTreeMain]: Starting iteration 3 of 10 
[9:53:35][INFO][NBTreeMain]: Processed fold 0: training set size = 560; test set size = 139; accuracy = 0.964029 
[9:55:38][INFO][NBTreeMain]: Processed fold 1: training set size = 560; test set size = 139; accuracy = 0.971223 
[9:57:44][INFO][NBTreeMain]: Processed fold 2: training set size = 560; test set size = 139; accuracy = 0.964029 
[9:59:57][INFO][NBTreeMain]: Processed fold 3: training set size = 560; test set size = 139; accuracy = 0.978417 
[10:02:02][INFO][NBTreeMain]: Processed fold 4: training set size = 560; test set size = 139; accuracy = 0.992806 
[10:02:02][INFO][NBTreeMain]: Starting iteration 4 of 10 
[10:04:05][INFO][NBTreeMain]: Processed fold 0: training set size = 560; test set size = 139; accuracy = 0.956835 
[10:06:05][INFO][NBTreeMain]: Processed fold 1: training set size = 560; test set size = 139; accuracy = 0.978417 
[10:08:06][INFO][NBTreeMain]: Processed fold 2: training set size = 560; test set size = 139; accuracy = 0.992806 
[10:10:05][INFO][NBTreeMain]: Processed fold 3: training set size = 560; test set size = 139; accuracy = 0.956835 
[10:12:03][INFO][NBTreeMain]: Processed fold 4: training set size = 560; test set size = 139; accuracy = 0.978417 
[10:12:03][INFO][NBTreeMain]: Starting iteration 5 of 10 
[10:14:06][INFO][NBTreeMain]: Processed fold 0: training set size = 560; test set size = 139; accuracy = 0.992806 
[10:16:06][INFO][NBTreeMain]: Processed fold 1: training set size = 560; test set size = 139; accuracy = 0.956835 
[10:18:03][INFO][NBTreeMain]: Processed fold 2: training set size = 560; test set size = 139; accuracy = 0.978417 
[10:19:59][INFO][NBTreeMain]: Processed fold 3: training set size = 560; test set size = 139; accuracy = 0.964029 
[10:21:54][INFO][NBTreeMain]: Processed fold 4: training set size = 560; test set size = 139; accuracy = 0.978417 
[10:21:54][INFO][NBTreeMain]: Starting iteration 6 of 10 
[10:23:50][INFO][NBTreeMain]: Processed fold 0: training set size = 560; test set size = 139; accuracy = 0.964029 
[10:25:46][INFO][NBTreeMain]: Processed fold 1: training set size = 560; test set size = 139; accuracy = 0.985612 
[10:27:43][INFO][NBTreeMain]: Processed fold 2: training set size = 560; test set size = 139; accuracy = 0.978417 
[10:29:39][INFO][NBTreeMain]: Processed fold 3: training set size = 560; test set size = 139; accuracy = 0.964029 
[10:31:36][INFO][NBTreeMain]: Processed fold 4: training set size = 560; test set size = 139; accuracy = 0.964029 
[10:31:36][INFO][NBTreeMain]: Starting iteration 7 of 10 
[10:33:34][INFO][NBTreeMain]: Processed fold 0: training set size = 560; test set size = 139; accuracy = 0.971223 
[10:35:29][INFO][NBTreeMain]: Processed fold 1: training set size = 560; test set size = 139; accuracy = 0.992806 
[10:37:24][INFO][NBTreeMain]: Processed fold 2: training set size = 560; test set size = 139; accuracy = 0.956835 
[10:39:20][INFO][NBTreeMain]: Processed fold 3: training set size = 560; test set size = 139; accuracy = 0.985612 
[10:41:15][INFO][NBTreeMain]: Processed fold 4: training set size = 560; test set size = 139; accuracy = 0.956835 
[10:41:15][INFO][NBTreeMain]: Starting iteration 8 of 10 
[10:43:14][INFO][NBTreeMain]: Processed fold 0: training set size = 560; test set size = 139; accuracy = 0.942446 
[10:45:08][INFO][NBTreeMain]: Processed fold 1: training set size = 560; test set size = 139; accuracy = 0.956835 
[10:47:05][INFO][NBTreeMain]: Processed fold 2: training set size = 560; test set size = 139; accuracy = 0.971223 
[10:49:00][INFO][NBTreeMain]: Processed fold 3: training set size = 560; test set size = 139; accuracy = 0.992806 
[10:50:55][INFO][NBTreeMain]: Processed fold 4: training set size = 560; test set size = 139; accuracy = 1.000000 
[10:50:55][INFO][NBTreeMain]: Starting iteration 9 of 10 
[10:52:54][INFO][NBTreeMain]: Processed fold 0: training set size = 560; test set size = 139; accuracy = 0.992806 
[10:54:49][INFO][NBTreeMain]: Processed fold 1: training set size = 560; test set size = 139; accuracy = 0.956835 
[10:56:47][INFO][NBTreeMain]: Processed fold 2: training set size = 560; test set size = 139; accuracy = 0.971223 
[10:58:42][INFO][NBTreeMain]: Processed fold 3: training set size = 560; test set size = 139; accuracy = 0.971223 
[11:00:37][INFO][NBTreeMain]: Processed fold 4: training set size = 560; test set size = 139; accuracy = 0.971223 
[11:00:37][INFO][NBTreeMain]: Starting iteration 10 of 10 
[11:02:36][INFO][NBTreeMain]: Processed fold 0: training set size = 560; test set size = 139; accuracy = 0.964029 
[11:04:32][INFO][NBTreeMain]: Processed fold 1: training set size = 560; test set size = 139; accuracy = 0.985612 
[11:06:27][INFO][NBTreeMain]: Processed fold 2: training set size = 560; test set size = 139; accuracy = 0.985612 
[11:08:23][INFO][NBTreeMain]: Processed fold 3: training set size = 560; test set size = 139; accuracy = 0.978417 
[11:10:18][INFO][NBTreeMain]: Processed fold 4: training set size = 560; test set size = 139; accuracy = 0.956835 
[11:10:18][INFO][NBTreeMain]: 

Test Results

NBTree:		[tests=50][mean accuracy=0.972806][standard deviation=0.012568] 
