[9:24:04][INFO][NBTreeMain]: Loaded data from file data/ecoli.data: [size=336][entropy=2.188746][classificationSet=[[size=8][classifications=[[[imS][occurence=2]][[cp][occurence=143]][[imL][occurence=2]][[om][occurence=20]][[omL][occurence=5]][[pp][occurence=52]][[im][occurence=77]][[imU][occurence=35]]]]]][attributes=[[chg][aac][lip][gvh][alm1][mcg][alm2]]] 
[9:24:04][INFO][NBTreeMain]: Starting iteration 1 of 10 
[9:25:34][INFO][NBTreeMain]: Processed fold 0: training set size = 269; test set size = 67; accuracy = 0.641791 
[9:26:15][INFO][NBTreeMain]: Processed fold 1: training set size = 269; test set size = 67; accuracy = 0.656716 
[9:26:56][INFO][NBTreeMain]: Processed fold 2: training set size = 269; test set size = 67; accuracy = 0.761194 
[9:27:37][INFO][NBTreeMain]: Processed fold 3: training set size = 269; test set size = 67; accuracy = 0.641791 
[9:28:44][INFO][NBTreeMain]: Processed fold 4: training set size = 269; test set size = 67; accuracy = 0.597015 
[9:28:44][INFO][NBTreeMain]: Starting iteration 2 of 10 
[9:29:55][INFO][NBTreeMain]: Processed fold 0: training set size = 269; test set size = 67; accuracy = 0.731343 
[9:31:02][INFO][NBTreeMain]: Processed fold 1: training set size = 269; test set size = 67; accuracy = 0.686567 
[9:31:43][INFO][NBTreeMain]: Processed fold 2: training set size = 269; test set size = 67; accuracy = 0.626866 
[9:32:23][INFO][NBTreeMain]: Processed fold 3: training set size = 269; test set size = 67; accuracy = 0.656716 
[9:33:05][INFO][NBTreeMain]: Processed fold 4: training set size = 269; test set size = 67; accuracy = 0.656716 
[9:33:05][INFO][NBTreeMain]: Starting iteration 3 of 10 
[9:33:50][INFO][NBTreeMain]: Processed fold 0: training set size = 269; test set size = 67; accuracy = 0.656716 
[9:34:31][INFO][NBTreeMain]: Processed fold 1: training set size = 269; test set size = 67; accuracy = 0.686567 
[9:35:39][INFO][NBTreeMain]: Processed fold 2: training set size = 269; test set size = 67; accuracy = 0.656716 
[9:36:20][INFO][NBTreeMain]: Processed fold 3: training set size = 269; test set size = 67; accuracy = 0.761194 
[9:37:01][INFO][NBTreeMain]: Processed fold 4: training set size = 269; test set size = 67; accuracy = 0.626866 
[9:37:01][INFO][NBTreeMain]: Starting iteration 4 of 10 
[9:37:48][INFO][NBTreeMain]: Processed fold 0: training set size = 269; test set size = 67; accuracy = 0.731343 
[9:38:33][INFO][NBTreeMain]: Processed fold 1: training set size = 269; test set size = 67; accuracy = 0.597015 
[9:39:13][INFO][NBTreeMain]: Processed fold 2: training set size = 269; test set size = 67; accuracy = 0.716418 
[9:40:22][INFO][NBTreeMain]: Processed fold 3: training set size = 269; test set size = 67; accuracy = 0.641791 
[9:41:07][INFO][NBTreeMain]: Processed fold 4: training set size = 269; test set size = 67; accuracy = 0.656716 
[9:41:07][INFO][NBTreeMain]: Starting iteration 5 of 10 
[9:41:56][INFO][NBTreeMain]: Processed fold 0: training set size = 269; test set size = 67; accuracy = 0.611940 
[9:42:37][INFO][NBTreeMain]: Processed fold 1: training set size = 269; test set size = 67; accuracy = 0.626866 
[9:43:19][INFO][NBTreeMain]: Processed fold 2: training set size = 269; test set size = 67; accuracy = 0.761194 
[9:44:00][INFO][NBTreeMain]: Processed fold 3: training set size = 269; test set size = 67; accuracy = 0.567164 
[9:45:07][INFO][NBTreeMain]: Processed fold 4: training set size = 269; test set size = 67; accuracy = 0.776119 
[9:45:07][INFO][NBTreeMain]: Starting iteration 6 of 10 
[9:45:52][INFO][NBTreeMain]: Processed fold 0: training set size = 269; test set size = 67; accuracy = 0.656716 
[9:46:33][INFO][NBTreeMain]: Processed fold 1: training set size = 269; test set size = 67; accuracy = 0.776119 
[9:47:13][INFO][NBTreeMain]: Processed fold 2: training set size = 269; test set size = 67; accuracy = 0.611940 
[9:47:54][INFO][NBTreeMain]: Processed fold 3: training set size = 269; test set size = 67; accuracy = 0.656716 
[9:48:35][INFO][NBTreeMain]: Processed fold 4: training set size = 269; test set size = 67; accuracy = 0.656716 
[9:48:35][INFO][NBTreeMain]: Starting iteration 7 of 10 
[9:49:46][INFO][NBTreeMain]: Processed fold 0: training set size = 269; test set size = 67; accuracy = 0.686567 
[9:50:27][INFO][NBTreeMain]: Processed fold 1: training set size = 269; test set size = 67; accuracy = 0.686567 
[9:51:07][INFO][NBTreeMain]: Processed fold 2: training set size = 269; test set size = 67; accuracy = 0.671642 
[9:51:48][INFO][NBTreeMain]: Processed fold 3: training set size = 269; test set size = 67; accuracy = 0.805970 
[9:52:54][INFO][NBTreeMain]: Processed fold 4: training set size = 269; test set size = 67; accuracy = 0.656716 
[9:52:54][INFO][NBTreeMain]: Starting iteration 8 of 10 
[9:54:16][INFO][NBTreeMain]: Processed fold 0: training set size = 269; test set size = 67; accuracy = 0.701493 
[9:54:56][INFO][NBTreeMain]: Processed fold 1: training set size = 269; test set size = 67; accuracy = 0.701493 
[9:55:38][INFO][NBTreeMain]: Processed fold 2: training set size = 269; test set size = 67; accuracy = 0.761194 
[9:56:17][INFO][NBTreeMain]: Processed fold 3: training set size = 269; test set size = 67; accuracy = 0.552239 
[9:56:56][INFO][NBTreeMain]: Processed fold 4: training set size = 269; test set size = 67; accuracy = 0.716418 
[9:56:56][INFO][NBTreeMain]: Starting iteration 9 of 10 
[9:57:38][INFO][NBTreeMain]: Processed fold 0: training set size = 269; test set size = 67; accuracy = 0.641791 
[9:58:18][INFO][NBTreeMain]: Processed fold 1: training set size = 269; test set size = 67; accuracy = 0.701493 
[9:58:57][INFO][NBTreeMain]: Processed fold 2: training set size = 269; test set size = 67; accuracy = 0.686567 
[9:59:36][INFO][NBTreeMain]: Processed fold 3: training set size = 269; test set size = 67; accuracy = 0.656716 
[10:00:15][INFO][NBTreeMain]: Processed fold 4: training set size = 269; test set size = 67; accuracy = 0.716418 
[10:00:15][INFO][NBTreeMain]: Starting iteration 10 of 10 
[10:00:59][INFO][NBTreeMain]: Processed fold 0: training set size = 269; test set size = 67; accuracy = 0.582090 
[10:02:03][INFO][NBTreeMain]: Processed fold 1: training set size = 269; test set size = 67; accuracy = 0.656716 
[10:02:42][INFO][NBTreeMain]: Processed fold 2: training set size = 269; test set size = 67; accuracy = 0.656716 
[10:03:21][INFO][NBTreeMain]: Processed fold 3: training set size = 269; test set size = 67; accuracy = 0.611940 
[10:04:01][INFO][NBTreeMain]: Processed fold 4: training set size = 269; test set size = 67; accuracy = 0.776119 
[10:04:01][INFO][NBTreeMain]: 

Test Results

NBTree:		[tests=50][mean accuracy=0.674328][standard deviation=0.057782] 
