[9:00:27][INFO][Main]: Loaded data from file data/mushroom.data: [size=8124][entropy=0.999068][classificationSet=[[size=2][classifications=[[[e][occurence=4208]][[p][occurence=3916]]]]]][attributes=[[cap-surface][veil-color][odor][ring-number][gill-size][stalk-surface-below-ring][stalk-root][cap-shape][gill-color][stalk-surface-above-ring][gill-spacing][habitat][veil-type][cap-color][bruises?][stalk-color-above-ring][stalk-shape][stalk-color-below-ring][spore-print-color][gill-attachment][ring-type][population]]] 
[9:00:28][INFO][instance.InstanceSet]: C = 18.239124; Cmax = 28.196665; C/Cmax = 0.646854 
[9:00:28][INFO][Main]: total correlation = 18.239124 
[9:00:28][INFO][Main]: Starting iteration 1 of 10 
[9:07:31][INFO][Main]: Processed fold 0: training set size = 6500; test set size = 1624; __m = 10; accuracy = 0.961207 
[9:15:28][INFO][Main]: Processed fold 1: training set size = 6500; test set size = 1624; __m = 10; accuracy = 0.949507 
[9:27:04][INFO][Main]: Processed fold 2: training set size = 6500; test set size = 1624; __m = 10; accuracy = 0.932266 
[9:38:19][INFO][Main]: Processed fold 3: training set size = 6500; test set size = 1624; __m = 10; accuracy = 0.954433 
[9:43:37][INFO][Main]: Processed fold 4: training set size = 6500; test set size = 1624; __m = 10; accuracy = 0.955049 
[9:43:37][INFO][Main]: Starting iteration 2 of 10 
[9:50:40][INFO][Main]: Processed fold 0: training set size = 6500; test set size = 1624; __m = 10; accuracy = 0.958128 
[9:55:33][INFO][Main]: Processed fold 1: training set size = 6500; test set size = 1624; __m = 10; accuracy = 0.944581 
[10:01:02][INFO][Main]: Processed fold 2: training set size = 6500; test set size = 1624; __m = 10; accuracy = 0.953818 
[10:07:12][INFO][Main]: Processed fold 3: training set size = 6500; test set size = 1624; __m = 10; accuracy = 0.948892 
[10:14:24][INFO][Main]: Processed fold 4: training set size = 6500; test set size = 1624; __m = 10; accuracy = 0.956281 
[10:14:24][INFO][Main]: Starting iteration 3 of 10 
[10:21:42][INFO][Main]: Processed fold 0: training set size = 6500; test set size = 1624; __m = 10; accuracy = 0.958128 
[10:26:49][INFO][Main]: Processed fold 1: training set size = 6500; test set size = 1624; __m = 10; accuracy = 0.951970 
[10:32:06][INFO][Main]: Processed fold 2: training set size = 6500; test set size = 1624; __m = 10; accuracy = 0.940271 
[10:38:25][INFO][Main]: Processed fold 3: training set size = 6500; test set size = 1624; __m = 10; accuracy = 0.956897 
[10:44:10][INFO][Main]: Processed fold 4: training set size = 6500; test set size = 1624; __m = 10; accuracy = 0.955665 
[10:44:10][INFO][Main]: Starting iteration 4 of 10 
[10:52:17][INFO][Main]: Processed fold 0: training set size = 6500; test set size = 1624; __m = 10; accuracy = 0.956281 
[10:57:40][INFO][Main]: Processed fold 1: training set size = 6500; test set size = 1624; __m = 10; accuracy = 0.956897 
[11:03:01][INFO][Main]: Processed fold 2: training set size = 6500; test set size = 1624; __m = 10; accuracy = 0.955665 
[11:08:56][INFO][Main]: Processed fold 3: training set size = 6500; test set size = 1624; __m = 10; accuracy = 0.945197 
[11:16:12][INFO][Main]: Processed fold 4: training set size = 6500; test set size = 1624; __m = 10; accuracy = 0.947660 
[11:16:12][INFO][Main]: Starting iteration 5 of 10 
