[1:19:18][INFO][Main]: Loaded data from file data/weekend.data: [size=10][entropy=1.570951][classificationSet=[[size=4][classifications=[[[Shopping][occurence=1]][[Tennis][occurence=2]][[Stay in][occurence=1]][[Cinema][occurence=6]]]]]][attributes=[[parents][money][weather]]] 
[1:19:18][INFO][Main]: Starting iteration 1 of 10 
[1:19:18][INFO][Main]: Processed fold 0: training set size = 8; test set size = 2; accuracy = 0.000000; pruned_accuracy = 0.500000 
[1:19:18][INFO][Main]: Processed fold 1: training set size = 8; test set size = 2; accuracy = 0.500000; pruned_accuracy = 0.500000 
[1:19:18][INFO][Main]: Processed fold 2: training set size = 8; test set size = 2; accuracy = 0.500000; pruned_accuracy = 0.500000 
[1:19:18][INFO][Main]: Processed fold 3: training set size = 8; test set size = 2; accuracy = 0.500000; pruned_accuracy = 0.500000 
[1:19:18][INFO][Main]: Processed fold 4: training set size = 8; test set size = 2; accuracy = 1.000000; pruned_accuracy = 0.500000 
[1:19:18][INFO][Main]: Starting iteration 2 of 10 
[1:19:18][INFO][Main]: Processed fold 0: training set size = 8; test set size = 2; accuracy = 0.500000; pruned_accuracy = 0.500000 
[1:19:18][INFO][Main]: Processed fold 1: training set size = 8; test set size = 2; accuracy = 0.500000; pruned_accuracy = 0.500000 
[1:19:18][INFO][Main]: Processed fold 2: training set size = 8; test set size = 2; accuracy = 0.500000; pruned_accuracy = 0.500000 
[1:19:18][INFO][Main]: Processed fold 3: training set size = 8; test set size = 2; accuracy = 0.500000; pruned_accuracy = 0.500000 
[1:19:18][INFO][Main]: Processed fold 4: training set size = 8; test set size = 2; accuracy = 0.500000; pruned_accuracy = 0.500000 
[1:19:18][INFO][Main]: Starting iteration 3 of 10 
[1:19:18][INFO][Main]: Processed fold 0: training set size = 8; test set size = 2; accuracy = 0.000000; pruned_accuracy = 0.500000 
[1:19:18][INFO][Main]: Processed fold 1: training set size = 8; test set size = 2; accuracy = 0.500000; pruned_accuracy = 0.500000 
[1:19:18][INFO][Main]: Processed fold 2: training set size = 8; test set size = 2; accuracy = 0.500000; pruned_accuracy = 0.500000 
[1:19:18][INFO][Main]: Processed fold 3: training set size = 8; test set size = 2; accuracy = 1.000000; pruned_accuracy = 0.500000 
[1:19:18][INFO][Main]: Processed fold 4: training set size = 8; test set size = 2; accuracy = 0.500000; pruned_accuracy = 0.500000 
[1:19:18][INFO][Main]: Starting iteration 4 of 10 
[1:19:18][INFO][Main]: Processed fold 0: training set size = 8; test set size = 2; accuracy = 0.500000; pruned_accuracy = 0.500000 
[1:19:18][INFO][Main]: Processed fold 1: training set size = 8; test set size = 2; accuracy = 0.500000; pruned_accuracy = 0.500000 
[1:19:18][INFO][Main]: Processed fold 2: training set size = 8; test set size = 2; accuracy = 0.000000; pruned_accuracy = 0.500000 
[1:19:18][INFO][Main]: Processed fold 3: training set size = 8; test set size = 2; accuracy = 0.500000; pruned_accuracy = 0.500000 
[1:19:18][INFO][Main]: Processed fold 4: training set size = 8; test set size = 2; accuracy = 0.500000; pruned_accuracy = 0.500000 
[1:19:18][INFO][Main]: Starting iteration 5 of 10 
[1:19:18][INFO][Main]: Processed fold 0: training set size = 8; test set size = 2; accuracy = 0.500000; pruned_accuracy = 0.500000 
[1:19:18][INFO][Main]: Processed fold 1: training set size = 8; test set size = 2; accuracy = 0.500000; pruned_accuracy = 0.500000 
[1:19:18][INFO][Main]: Processed fold 2: training set size = 8; test set size = 2; accuracy = 0.500000; pruned_accuracy = 0.500000 
[1:19:18][INFO][Main]: Processed fold 3: training set size = 8; test set size = 2; accuracy = 1.000000; pruned_accuracy = 0.500000 
[1:19:18][INFO][Main]: Processed fold 4: training set size = 8; test set size = 2; accuracy = 0.000000; pruned_accuracy = 0.500000 
[1:19:18][INFO][Main]: Starting iteration 6 of 10 
[1:19:18][INFO][Main]: Processed fold 0: training set size = 8; test set size = 2; accuracy = 0.500000; pruned_accuracy = 0.500000 
[1:19:18][INFO][Main]: Processed fold 1: training set size = 8; test set size = 2; accuracy = 0.000000; pruned_accuracy = 0.500000 
[1:19:18][INFO][Main]: Processed fold 2: training set size = 8; test set size = 2; accuracy = 0.500000; pruned_accuracy = 0.500000 
[1:19:18][INFO][Main]: Processed fold 3: training set size = 8; test set size = 2; accuracy = 1.000000; pruned_accuracy = 1.000000 
[1:19:18][INFO][Main]: Processed fold 4: training set size = 8; test set size = 2; accuracy = 0.000000; pruned_accuracy = 0.000000 
[1:19:18][INFO][Main]: Starting iteration 7 of 10 
[1:19:18][INFO][Main]: Processed fold 0: training set size = 8; test set size = 2; accuracy = 0.500000; pruned_accuracy = 0.000000 
[1:19:18][INFO][Main]: Processed fold 1: training set size = 8; test set size = 2; accuracy = 0.500000; pruned_accuracy = 0.500000 
[1:19:18][INFO][Main]: Processed fold 2: training set size = 8; test set size = 2; accuracy = 0.500000; pruned_accuracy = 0.500000 
[1:19:18][INFO][Main]: Processed fold 3: training set size = 8; test set size = 2; accuracy = 0.500000; pruned_accuracy = 0.500000 
[1:19:18][INFO][Main]: Processed fold 4: training set size = 8; test set size = 2; accuracy = 0.000000; pruned_accuracy = 1.000000 
[1:19:18][INFO][Main]: Starting iteration 8 of 10 
[1:19:18][INFO][Main]: Processed fold 0: training set size = 8; test set size = 2; accuracy = 0.500000; pruned_accuracy = 0.500000 
[1:19:18][INFO][Main]: Processed fold 1: training set size = 8; test set size = 2; accuracy = 0.500000; pruned_accuracy = 0.500000 
[1:19:18][INFO][Main]: Processed fold 2: training set size = 8; test set size = 2; accuracy = 0.500000; pruned_accuracy = 0.500000 
[1:19:18][INFO][Main]: Processed fold 3: training set size = 8; test set size = 2; accuracy = 0.500000; pruned_accuracy = 0.500000 
[1:19:18][INFO][Main]: Processed fold 4: training set size = 8; test set size = 2; accuracy = 0.500000; pruned_accuracy = 0.500000 
[1:19:18][INFO][Main]: Starting iteration 9 of 10 
[1:19:18][INFO][Main]: Processed fold 0: training set size = 8; test set size = 2; accuracy = 1.000000; pruned_accuracy = 1.000000 
[1:19:18][INFO][Main]: Processed fold 1: training set size = 8; test set size = 2; accuracy = 1.000000; pruned_accuracy = 1.000000 
[1:19:18][INFO][Main]: Processed fold 2: training set size = 8; test set size = 2; accuracy = 0.000000; pruned_accuracy = 0.000000 
[1:19:19][INFO][Main]: Processed fold 3: training set size = 8; test set size = 2; accuracy = 0.500000; pruned_accuracy = 0.500000 
[1:19:19][INFO][Main]: Processed fold 4: training set size = 8; test set size = 2; accuracy = 0.000000; pruned_accuracy = 0.000000 
[1:19:19][INFO][Main]: Starting iteration 10 of 10 
[1:19:19][INFO][Main]: Processed fold 0: training set size = 8; test set size = 2; accuracy = 1.000000; pruned_accuracy = 1.000000 
[1:19:19][INFO][Main]: Processed fold 1: training set size = 8; test set size = 2; accuracy = 0.500000; pruned_accuracy = 0.500000 
[1:19:19][INFO][Main]: Processed fold 2: training set size = 8; test set size = 2; accuracy = 0.000000; pruned_accuracy = 0.500000 
[1:19:19][INFO][Main]: Processed fold 3: training set size = 8; test set size = 2; accuracy = 1.000000; pruned_accuracy = 1.000000 
[1:19:19][INFO][Main]: Processed fold 4: training set size = 8; test set size = 2; accuracy = 0.500000; pruned_accuracy = 0.500000 
[1:19:19][INFO][Main]: 

Test Results

ID3:		[tests=50][mean accuracy=0.480000][standard deviation=0.299333]
Post-pruned:	[tests=50][mean accuracy=0.520000][standard deviation=0.222711] 
